--------------------------------------------------------------------------------
[Sep 19, 2021, 6:50:15.8 AM:ERROR:bundle.cc(486)] Failed to delete creative ad notifications state
[Sep 19, 2021, 6:50:15.8 AM:ERROR:bundle.cc(498)] Failed to delete creative inline content ads state
[Sep 19, 2021, 6:50:15.8 AM:ERROR:bundle.cc(510)] Failed to delete creative new tab page ads state
[Sep 19, 2021, 6:50:15.8 AM:ERROR:bundle.cc(522)] Failed to delete creative promoted content ads state
[Sep 19, 2021, 6:50:15.8 AM:ERROR:bundle.cc(534)] Failed to delete campaigns state
[Sep 19, 2021, 6:50:15.8 AM:ERROR:bundle.cc(546)] Failed to delete segments state
[Sep 19, 2021, 6:50:15.8 AM:ERROR:bundle.cc(558)] Failed to delete creative ads state
[Sep 19, 2021, 6:50:15.8 AM:ERROR:bundle.cc(570)] Failed to delete dayparts state
[Sep 19, 2021, 6:50:15.8 AM:ERROR:bundle.cc(582)] Failed to delete geo targets state
[Sep 19, 2021, 6:50:15.8 AM:ERROR:bundle.cc(596)] Failed to save creative ad notifications state
[Sep 19, 2021, 6:50:15.8 AM:ERROR:bundle.cc(624)] Failed to save creative new tab page ads state
[Sep 19, 2021, 6:50:15.9 AM:ERROR:bundle.cc(650)] Failed to purge expired conversions
[Sep 19, 2021, 6:50:15.9 AM:ERROR:bundle.cc(662)] Failed to save conversions state
[Sep 19, 2021, 6:52:24.5 AM:ERROR:credentials_promotion.cc(503)] Token list empty
[Sep 19, 2021, 6:52:24.5 AM:ERROR:uphold_wallet.cc(331)] Transferring tokens failed!
--------------------------------------------------------------------------------
[Sep 19, 2021, 7:20:02.2 AM:ERROR:creative_new_tab_page_ads_database_table.cc(434)] Failed to get creative new tab page ad
[Sep 19, 2021, 8:45:25.6 AM:ERROR:creative_new_tab_page_ads_database_table.cc(434)] Failed to get creative new tab page ad
--------------------------------------------------------------------------------
[Sep 19, 2021, 6:19:10.1 PM:ERROR:creative_new_tab_page_ads_database_table.cc(434)] Failed to get creative new tab page ad
--------------------------------------------------------------------------------
[Sep 20, 2021, 6:18:26.8 AM:ERROR:publisher.cc(774)] Publisher info not found
[Sep 20, 2021, 6:18:57.5 AM:ERROR:publisher.cc(774)] Publisher info not found
[Sep 20, 2021, 6:21:41.5 AM:ERROR:publisher.cc(774)] Publisher info not found
--------------------------------------------------------------------------------
[Sep 20, 2021, 11:03:18.0 PM:ERROR:publisher.cc(774)] Publisher info not found
[Sep 20, 2021, 11:03:18.0 PM:ERROR:publisher.cc(774)] Publisher info not found
[Sep 20, 2021, 11:05:11.9 PM:ERROR:publisher.cc(774)] Publisher info not found
[Sep 20, 2021, 11:05:11.9 PM:ERROR:publisher.cc(774)] Publisher info not found
[Sep 20, 2021, 11:06:59.0 PM:ERROR:publisher.cc(774)] Publisher info not found
[Sep 20, 2021, 11:10:13.9 PM:ERROR:publisher.cc(774)] Publisher info not found
[Sep 20, 2021, 11:10:13.9 PM:ERROR:publisher.cc(774)] Publisher info not found
[Sep 20, 2021, 11:10:49.0 PM:ERROR:publisher.cc(774)] Publisher info not found
[Sep 20, 2021, 11:10:49.0 PM:ERROR:publisher.cc(774)] Publisher info not found
[Sep 20, 2021, 11:30:43.2 PM:ERROR:publisher.cc(774)] Publisher info not found
[Sep 20, 2021, 11:30:43.3 PM:ERROR:publisher.cc(774)] Publisher info not found
[Sep 20, 2021, 11:34:20.7 PM:ERROR:publisher.cc(774)] Publisher info not found
--------------------------------------------------------------------------------
[Sep 21, 2021, 7:42:58.0 AM:ERROR:creative_new_tab_page_ads_database_table.cc(434)] Failed to get creative new tab page ad
[Sep 21, 2021, 8:54:28.0 AM:ERROR:publisher.cc(774)] Publisher info not found
[Sep 21, 2021, 10:47:48.3 AM:ERROR:creative_new_tab_page_ads_database_table.cc(434)] Failed to get creative new tab page ad
--------------------------------------------------------------------------------
[Sep 21, 2021, 1:14:36.2 PM:ERROR:get_parameters.cc(53)] Unexpected HTTP status: -1
[Sep 21, 2021, 1:14:42.4 PM:ERROR:get_available.cc(69)] Unexpected HTTP status: -1
[Sep 21, 2021, 1:14:42.4 PM:ERROR:get_card.cc(44)] Unexpected HTTP status: -1
[Sep 21, 2021, 1:14:42.4 PM:ERROR:uphold.cc(152)] Couldn't get balance
[Sep 21, 2021, 1:14:42.4 PM:ERROR:wallet_balance.cc(150)] Can't get uphold balance
--------------------------------------------------------------------------------
[Sep 21, 2021, 3:50:58.7 PM:ERROR:credentials_promotion.cc(503)] Token list empty
[Sep 21, 2021, 3:50:58.7 PM:ERROR:uphold_wallet.cc(331)] Transferring tokens failed!
[Sep 21, 2021, 3:50:58.8 PM:ERROR:credentials_promotion.cc(503)] Token list empty
[Sep 21, 2021, 3:50:58.8 PM:ERROR:uphold_wallet.cc(331)] Transferring tokens failed!
[Sep 21, 2021, 3:50:58.9 PM:ERROR:credentials_promotion.cc(503)] Token list empty
[Sep 21, 2021, 3:50:59.0 PM:ERROR:uphold_wallet.cc(331)] Transferring tokens failed!
[Sep 21, 2021, 3:51:13.1 PM:ERROR:credentials_promotion.cc(503)] Token list empty
[Sep 21, 2021, 3:51:13.1 PM:ERROR:uphold_wallet.cc(331)] Transferring tokens failed!
[Sep 21, 2021, 3:51:13.3 PM:ERROR:credentials_promotion.cc(503)] Token list empty
[Sep 21, 2021, 3:51:13.3 PM:ERROR:uphold_wallet.cc(331)] Transferring tokens failed!
--------------------------------------------------------------------------------
[Sep 21, 2021, 5:07:56.5 PM:ERROR:get_parameters.cc(53)] Unexpected HTTP status: -1
--------------------------------------------------------------------------------
[Sep 21, 2021, 7:27:55.4 PM:ERROR:creative_new_tab_page_ads_database_table.cc(434)] Failed to get creative new tab page ad
[Sep 21, 2021, 7:28:27.7 PM:ERROR:publisher.cc(774)] Publisher info not found
[Sep 21, 2021, 9:45:42.5 PM:ERROR:creative_new_tab_page_ads_database_table.cc(434)] Failed to get creative new tab page ad
[Sep 21, 2021, 10:28:21.0 PM:ERROR:publisher.cc(774)] Publisher info not found
[Sep 21, 2021, 10:28:21.0 PM:ERROR:publisher.cc(774)] Publisher info not found
[Sep 21, 2021, 10:43:59.1 PM:ERROR:publisher.cc(774)] Publisher info not found
--------------------------------------------------------------------------------
[Sep 22, 2021, 7:51:58.6 AM:ERROR:creative_new_tab_page_ads_database_table.cc(434)] Failed to get creative new tab page ad
--------------------------------------------------------------------------------
[Sep 22, 2021, 3:18:17.2 PM:ERROR:state.cc(393)] Decryption failed for wallets.uphold
[Sep 22, 2021, 3:18:17.8 PM:ERROR:state.cc(393)] Decryption failed for wallets.brave
[Sep 22, 2021, 3:18:33.3 PM:ERROR:state.cc(393)] Decryption failed for wallets.brave
[Sep 22, 2021, 3:18:36.9 PM:ERROR:ad_rewards.cc(65)] Failed to reconcile ad rewards due to invalid wallet
[Sep 22, 2021, 3:18:37.0 PM:ERROR:redeem_unblinded_payment_tokens.cc(54)] Failed to redeem unblinded payment tokens due to invalid wallet
[Sep 22, 2021, 3:18:47.8 PM:ERROR:state.cc(393)] Decryption failed for wallets.brave
[Sep 22, 2021, 5:38:13.8 PM:ERROR:state.cc(393)] Decryption failed for wallets.brave
[Sep 22, 2021, 5:38:13.9 PM:ERROR:state.cc(393)] Decryption failed for wallets.uphold
[Sep 22, 2021, 6:23:28.4 PM:ERROR:creative_new_tab_page_ads_database_table.cc(434)] Failed to get creative new tab page ad
[Sep 22, 2021, 6:23:29.3 PM:ERROR:state.cc(393)] Decryption failed for wallets.brave
[Sep 22, 2021, 6:23:29.3 PM:ERROR:state.cc(393)] Decryption failed for wallets.uphold
[Sep 22, 2021, 6:52:05.5 PM:ERROR:state.cc(393)] Decryption failed for wallets.brave
[Sep 22, 2021, 6:52:05.5 PM:ERROR:state.cc(393)] Decryption failed for wallets.uphold
[Sep 22, 2021, 10:29:00.5 PM:ERROR:state.cc(393)] Decryption failed for wallets.brave
[Sep 22, 2021, 10:29:00.5 PM:ERROR:state.cc(393)] Decryption failed for wallets.uphold
--------------------------------------------------------------------------------
[Sep 23, 2021, 7:28:37.0 AM:ERROR:creative_new_tab_page_ads_database_table.cc(434)] Failed to get creative new tab page ad
